0 info it worked if it ends with ok
1 verbose cli [ 'D:\\software\\nodeNvm\\nodejs\\node.exe',
1 verbose cli   'D:\\software\\nodeNvm\\nodejs\\node_modules\\npm\\bin\\npm-cli.js',
1 verbose cli   'run',
1 verbose cli   'dev' ]
2 info using npm@3.10.10
3 info using node@v6.11.1
4 verbose run-script [ 'predev', 'dev', 'postdev' ]
5 info lifecycle vue2.0-Blank@1.0.0~predev: vue2.0-Blank@1.0.0
6 silly lifecycle vue2.0-Blank@1.0.0~predev: no script for predev, continuing
7 info lifecycle vue2.0-Blank@1.0.0~dev: vue2.0-Blank@1.0.0
8 verbose lifecycle vue2.0-Blank@1.0.0~dev: unsafe-perm in lifecycle true
9 verbose lifecycle vue2.0-Blank@1.0.0~dev: PATH: D:\software\nodeNvm\nvm\v6.11.1\node_modules\npm\bin\node-gyp-bin;E:\angularReactVue\vue2.0-blank-moon\node_modules\.bin;C:\Windows\system32;C:\Windows;C:\Windows\System32\Wbem;C:\Windows\System32\WindowsPowerShell\v1.0\;D:\software;D:\software\nodeNvm\nvm;D:\software\nodeNvm\nodejs;D:\software\node\;E:\mideaTool\tools;D:\software\git\Git\cmd;D:\software\javaUtils\jdk1.8.0_151\bin;D:\software\javaUtils\jdk1.8.0_151\jre\bin;D:\software\javaUtils\maven\apache-maven-3.5.0\bin;D:\software\andorStudio\android-sdk-windows\platform-tools;D:\software\andorStudio\android-sdk-windows\tools;D:\software\gradle\gradle-4.3.1-bin\bin;D:\software\nodeNvm\nvm;D:\software\nodeNvm\nodejs;C:\Users\issuser\AppData\Roaming\npm;D:\software\visualCode\Microsoft VS Code\bin;D:\software\git\Git\cmd;D:\software\javaUtils\jdk1.8.0_151\bin;D:\software\javaUtils\jdk1.8.0_151\jre\bin
10 verbose lifecycle vue2.0-Blank@1.0.0~dev: CWD: E:\angularReactVue\vue2.0-blank-moon
11 silly lifecycle vue2.0-Blank@1.0.0~dev: Args: [ '/d /s /c', 'node build/dev-server.js' ]
12 verbose stack Error: kill ENOSYS
12 verbose stack     at exports._errnoException (util.js:1018:11)
12 verbose stack     at process.kill (internal/process.js:190:13)
12 verbose stack     at process.listener (D:\software\nodeNvm\nvm\v6.11.1\node_modules\npm\node_modules\npmlog\node_modules\gauge\node_modules\signal-exit\index.js:86:15)
12 verbose stack     at emitNone (events.js:91:20)
12 verbose stack     at process.emit (events.js:185:7)
12 verbose stack     at processEmit (D:\software\nodeNvm\nvm\v6.11.1\node_modules\npm\node_modules\npmlog\node_modules\gauge\node_modules\signal-exit\index.js:146:32)
12 verbose stack     at processEmit (D:\software\nodeNvm\nvm\v6.11.1\node_modules\npm\node_modules\npm-registry-client\node_modules\npmlog\node_modules\gauge\node_modules\signal-exit\index.js:146:32)
12 verbose stack     at Signal.wrap.onsignal (internal/process.js:217:44)
13 verbose cwd E:\angularReactVue\vue2.0-blank-moon
14 error Windows_NT 6.1.7601
15 error argv "D:\\software\\nodeNvm\\nodejs\\node.exe" "D:\\software\\nodeNvm\\nodejs\\node_modules\\npm\\bin\\npm-cli.js" "run" "dev"
16 error node v6.11.1
17 error npm  v3.10.10
18 error code ENOSYS
19 error errno ENOSYS
20 error syscall kill
21 error kill ENOSYS
22 error If you need help, you may report this error at:
22 error     <https://github.com/npm/npm/issues>
23 verbose exit [ 1, true ]
